<?xml version="1.0" encoding="UTF-8"?>
<robot generator="Robot 6.1.1 (Python 3.11.3 on win32)" generated="20230926 17:06:48.877" rpa="false" schemaversion="4">
<suite id="s1" name="Imb Tests" source="c:\coding\RobotFramework_BrianLamb\RobotFramework_2\dictionary-users\tests\imb_tests.robot">
<test id="s1-t1" name="Should be able to view landing page" line="17">
<kw name="Begin Web Test" library="Common" type="SETUP">
<kw name="Set Selenium Timeout" library="SeleniumLibrary">
<arg>30 seconds</arg>
<doc>Sets the timeout that is used by various keywords.</doc>
<status status="PASS" starttime="20230926 17:06:49.101" endtime="20230926 17:06:49.101"/>
</kw>
<kw name="Open Browser" library="SeleniumLibrary">
<arg>about:blank</arg>
<arg>${BROWSER}</arg>
<doc>Opens a new browser instance to the optional ``url``.</doc>
<msg timestamp="20230926 17:06:49.102" level="INFO">Opening browser 'chrome' to base url 'about:blank'.</msg>
<status status="PASS" starttime="20230926 17:06:49.101" endtime="20230926 17:06:50.431"/>
</kw>
<status status="PASS" starttime="20230926 17:06:49.100" endtime="20230926 17:06:50.431"/>
</kw>
<kw name="Navigate to Landing Page" library="ImbApp">
<kw name="Navigate To" library="Landing">
<kw name="Open Browser" library="SeleniumLibrary">
<arg>${URL}</arg>
<doc>Opens a new browser instance to the optional ``url``.</doc>
<msg timestamp="20230926 17:06:50.435" level="INFO">Opening browser 'firefox' to base url '{'dev': 'http://dev.internetmillionaireblueprint.com', 'qa': 'http://qa.internetmillionaireblueprint.com', 'stage': 'http://stage.internetmillionaireblueprint.com', 'prod': 'http://www.amazon.com'}'.</msg>
<msg timestamp="20230926 17:06:53.653" level="INFO" html="true">&lt;/td&gt;&lt;/tr&gt;&lt;tr&gt;&lt;td colspan="3"&gt;&lt;a href="selenium-screenshot-4.png"&gt;&lt;img src="selenium-screenshot-4.png" width="800px"&gt;&lt;/a&gt;</msg>
<msg timestamp="20230926 17:06:53.653" level="FAIL">SessionNotCreatedException: Message: Expected browser binary location, but unable to find binary in default location, no 'moz:firefoxOptions.binary' capability provided, and no binary flag set on the command line
</msg>
<status status="FAIL" starttime="20230926 17:06:50.434" endtime="20230926 17:06:53.674"/>
</kw>
<status status="FAIL" starttime="20230926 17:06:50.433" endtime="20230926 17:06:53.674"/>
</kw>
<kw name="Verify Page Loaded" library="Landing">
<status status="NOT RUN" starttime="20230926 17:06:53.675" endtime="20230926 17:06:53.675"/>
</kw>
<status status="FAIL" starttime="20230926 17:06:50.432" endtime="20230926 17:06:53.675"/>
</kw>
<kw name="Sleep" library="BuiltIn">
<arg>5s</arg>
<doc>Pauses the test executed for the given time.</doc>
<status status="NOT RUN" starttime="20230926 17:06:53.680" endtime="20230926 17:06:53.681"/>
</kw>
<kw name="End Web Test" library="Common" type="TEARDOWN">
<kw name="Close Browser" library="SeleniumLibrary">
<doc>Closes the current browser.</doc>
<status status="PASS" starttime="20230926 17:06:53.682" endtime="20230926 17:06:55.855"/>
</kw>
<status status="PASS" starttime="20230926 17:06:53.682" endtime="20230926 17:06:55.856"/>
</kw>
<tag>landing</tag>
<status status="FAIL" starttime="20230926 17:06:49.098" endtime="20230926 17:06:55.858">SessionNotCreatedException: Message: Expected browser binary location, but unable to find binary in default location, no 'moz:firefoxOptions.binary' capability provided, and no binary flag set on the command line
</status>
</test>
<test id="s1-t2" name="Should be able to register for new account" line="22">
<kw name="Begin Web Test" library="Common" type="SETUP">
<kw name="Set Selenium Timeout" library="SeleniumLibrary">
<arg>30 seconds</arg>
<doc>Sets the timeout that is used by various keywords.</doc>
<status status="PASS" starttime="20230926 17:06:55.866" endtime="20230926 17:06:55.867"/>
</kw>
<kw name="Open Browser" library="SeleniumLibrary">
<arg>about:blank</arg>
<arg>${BROWSER}</arg>
<doc>Opens a new browser instance to the optional ``url``.</doc>
<msg timestamp="20230926 17:06:55.870" level="INFO">Opening browser 'chrome' to base url 'about:blank'.</msg>
<status status="PASS" starttime="20230926 17:06:55.868" endtime="20230926 17:06:57.125"/>
</kw>
<status status="PASS" starttime="20230926 17:06:55.865" endtime="20230926 17:06:57.125"/>
</kw>
<kw name="Navigate to Landing Page" library="ImbApp">
<kw name="Navigate To" library="Landing">
<kw name="Open Browser" library="SeleniumLibrary">
<arg>${URL}</arg>
<doc>Opens a new browser instance to the optional ``url``.</doc>
<msg timestamp="20230926 17:06:57.128" level="INFO">Opening browser 'firefox' to base url '{'dev': 'http://dev.internetmillionaireblueprint.com', 'qa': 'http://qa.internetmillionaireblueprint.com', 'stage': 'http://stage.internetmillionaireblueprint.com', 'prod': 'http://www.amazon.com'}'.</msg>
<msg timestamp="20230926 17:07:00.332" level="INFO" html="true">&lt;/td&gt;&lt;/tr&gt;&lt;tr&gt;&lt;td colspan="3"&gt;&lt;a href="selenium-screenshot-5.png"&gt;&lt;img src="selenium-screenshot-5.png" width="800px"&gt;&lt;/a&gt;</msg>
<msg timestamp="20230926 17:07:00.332" level="FAIL">SessionNotCreatedException: Message: Expected browser binary location, but unable to find binary in default location, no 'moz:firefoxOptions.binary' capability provided, and no binary flag set on the command line
</msg>
<status status="FAIL" starttime="20230926 17:06:57.127" endtime="20230926 17:07:00.334"/>
</kw>
<status status="FAIL" starttime="20230926 17:06:57.127" endtime="20230926 17:07:00.334"/>
</kw>
<kw name="Verify Page Loaded" library="Landing">
<status status="NOT RUN" starttime="20230926 17:07:00.335" endtime="20230926 17:07:00.335"/>
</kw>
<status status="FAIL" starttime="20230926 17:06:57.126" endtime="20230926 17:07:00.335"/>
</kw>
<kw name="Sleep" library="BuiltIn">
<arg>5s</arg>
<doc>Pauses the test executed for the given time.</doc>
<status status="NOT RUN" starttime="20230926 17:07:00.337" endtime="20230926 17:07:00.337"/>
</kw>
<kw name="Create New Account" library="ImbApp">
<arg>${CUSTOMER_USER}</arg>
<status status="NOT RUN" starttime="20230926 17:07:00.338" endtime="20230926 17:07:00.338"/>
</kw>
<kw name="End Web Test" library="Common" type="TEARDOWN">
<kw name="Close Browser" library="SeleniumLibrary">
<doc>Closes the current browser.</doc>
<status status="PASS" starttime="20230926 17:07:00.340" endtime="20230926 17:07:02.540"/>
</kw>
<status status="PASS" starttime="20230926 17:07:00.339" endtime="20230926 17:07:02.541"/>
</kw>
<tag>register</tag>
<status status="FAIL" starttime="20230926 17:06:55.863" endtime="20230926 17:07:02.543">SessionNotCreatedException: Message: Expected browser binary location, but unable to find binary in default location, no 'moz:firefoxOptions.binary' capability provided, and no binary flag set on the command line
</status>
</test>
<status status="FAIL" starttime="20230926 17:06:48.883" endtime="20230926 17:07:02.549"/>
</suite>
<statistics>
<total>
<stat pass="0" fail="2" skip="0">All Tests</stat>
</total>
<tag>
<stat pass="0" fail="1" skip="0">landing</stat>
<stat pass="0" fail="1" skip="0">register</stat>
</tag>
<suite>
<stat pass="0" fail="2" skip="0" id="s1" name="Imb Tests">Imb Tests</stat>
</suite>
</statistics>
<errors>
</errors>
</robot>
