<?xml version="1.0" encoding="UTF-8"?>
<robot generator="Robot 6.1.1 (Python 3.11.3 on win32)" generated="20230918 13:05:14.705" rpa="false" schemaversion="4">
<suite id="s1" name="DemoScript" source="C:\coding\RobotFramework_BrianLamb\RobotFramework_1\Demo\Tests\DemoScript.robot">
<test id="s1-t1" name="This is my first test Case" line="5">
<kw name="My Keywords">
<kw name="Log" library="BuiltIn">
<arg>This is a test</arg>
<doc>Logs the given message with the given level.</doc>
<msg timestamp="20230918 13:05:14.732" level="INFO">This is a test</msg>
<status status="PASS" starttime="20230918 13:05:14.732" endtime="20230918 13:05:14.732"/>
</kw>
<kw name="Log To Console" library="BuiltIn">
<arg>test message to console</arg>
<doc>Logs the given message to the console.</doc>
<status status="PASS" starttime="20230918 13:05:14.732" endtime="20230918 13:05:14.732"/>
</kw>
<status status="PASS" starttime="20230918 13:05:14.732" endtime="20230918 13:05:14.732"/>
</kw>
<kw name="Open Browser">
<arg>http://www.google.com</arg>
<arg>chrome</arg>
<msg timestamp="20230918 13:05:14.734" level="FAIL">No keyword with name 'Open Browser' found.</msg>
<status status="FAIL" starttime="20230918 13:05:14.734" endtime="20230918 13:05:14.734"/>
</kw>
<status status="FAIL" starttime="20230918 13:05:14.731" endtime="20230918 13:05:14.734">No keyword with name 'Open Browser' found.</status>
</test>
<status status="FAIL" starttime="20230918 13:05:14.709" endtime="20230918 13:05:14.734"/>
</suite>
<statistics>
<total>
<stat pass="0" fail="1" skip="0">All Tests</stat>
</total>
<tag>
</tag>
<suite>
<stat pass="0" fail="1" skip="0" id="s1" name="DemoScript">DemoScript</stat>
</suite>
</statistics>
<errors>
<msg timestamp="20230918 13:05:14.731" level="ERROR">Error in file 'C:\coding\RobotFramework_BrianLamb\RobotFramework_1\Demo\Tests\DemoScript.robot' on line 2: Importing library 'SeleniumLibrary' failed: ModuleNotFoundError: No module named 'SeleniumLibrary'
Traceback (most recent call last):
  None
PYTHONPATH:
  C:\Users\lauri\AppData\Local\Programs\Python\Python311\Scripts\robot.exe
  C:\Users\lauri\AppData\Local\Programs\Python\Python311\python311.zip
  C:\Users\lauri\AppData\Local\Programs\Python\Python311\DLLs
  C:\Users\lauri\AppData\Local\Programs\Python\Python311\Lib
  C:\Users\lauri\AppData\Local\Programs\Python\Python311
  C:\Users\lauri\AppData\Local\Programs\Python\Python311\Lib\site-packages</msg>
</errors>
</robot>
