<?xml version="1.0" encoding="UTF-8"?>
<robot generator="Robot 6.1.1 (Python 3.11.3 on win32)" generated="20230926 17:11:59.708" rpa="false" schemaversion="4">
<suite id="s1" name="Cars" source="C:\Users\lauri\Downloads\data-driven-ext-base\data-driven-ext-base\Tests\Cars.robot">
<test id="s1-t1" name="Unregistered user should see correct error message at login" line="14">
<kw name="Begin Web Test" library="Common" type="SETUP">
<kw name="Open Browser" library="SeleniumLibrary">
<arg>about:blank</arg>
<arg>${BROWSER}</arg>
<doc>Opens a new browser instance to the optional ``url``.</doc>
<msg timestamp="20230926 17:11:59.924" level="INFO">Opening browser 'chrome' to base url 'about:blank'.</msg>
<status status="PASS" starttime="20230926 17:11:59.924" endtime="20230926 17:12:01.224"/>
</kw>
<status status="PASS" starttime="20230926 17:11:59.924" endtime="20230926 17:12:01.224"/>
</kw>
<kw name="Navigate to Sign In Page" library="CarsApp">
<kw name="Navigate To" library="SignIn">
<kw name="Catenate" library="BuiltIn">
<var>${SignInUrl}</var>
<arg>SEPARATOR=/</arg>
<arg>${BASE_URL.${ENVIRONMENT}}</arg>
<arg>${LOGIN_URL}</arg>
<doc>Catenates the given items together and returns the resulted string.</doc>
<msg timestamp="20230926 17:12:01.225" level="INFO">${SignInUrl} = https://www.cars.com//profile/secure/login</msg>
<status status="PASS" starttime="20230926 17:12:01.225" endtime="20230926 17:12:01.225"/>
</kw>
<kw name="Go To" library="SeleniumLibrary">
<arg>${SignInUrl}</arg>
<doc>Navigates the current browser window to the provided ``url``.</doc>
<msg timestamp="20230926 17:12:01.226" level="INFO">Opening url 'https://www.cars.com//profile/secure/login'</msg>
<status status="PASS" starttime="20230926 17:12:01.225" endtime="20230926 17:12:04.776"/>
</kw>
<status status="PASS" starttime="20230926 17:12:01.224" endtime="20230926 17:12:04.776"/>
</kw>
<status status="PASS" starttime="20230926 17:12:01.224" endtime="20230926 17:12:04.776"/>
</kw>
<kw name="Attempt Login" library="CarsApp">
<arg>${UNREGISTERED_USER}</arg>
<kw name="Enter Credentials" library="SignIn">
<arg>${Credentials}</arg>
<kw name="Run Keyword Unless" library="BuiltIn">
<arg>'${Credentials.Email}' == '#BLANK'</arg>
<arg>Input Text</arg>
<arg>${SIGN_IN_EMAIL}</arg>
<arg>${Credentials.Email}</arg>
<doc>*DEPRECATED since RF 5.0. Use Native IF/ELSE or `Run Keyword If` instead.*</doc>
<msg timestamp="20230926 17:12:04.777" level="WARN">Keyword 'BuiltIn.Run Keyword Unless' is deprecated. </msg>
<kw name="Input Text" library="SeleniumLibrary">
<arg>${SIGN_IN_EMAIL}</arg>
<arg>${Credentials.Email}</arg>
<doc>Types the given ``text`` into the text field identified by ``locator``.</doc>
<msg timestamp="20230926 17:12:04.780" level="INFO">Typing text 'admin@robotframeworktutorial.com' into text field 'xpath=//input[@ng-model='credentials.email']'.</msg>
<msg timestamp="20230926 17:12:05.142" level="INFO" html="true">&lt;/td&gt;&lt;/tr&gt;&lt;tr&gt;&lt;td colspan="3"&gt;&lt;a href="selenium-screenshot-1.png"&gt;&lt;img src="selenium-screenshot-1.png" width="800px"&gt;&lt;/a&gt;</msg>
<msg timestamp="20230926 17:12:05.142" level="FAIL">Element with locator 'xpath=//input[@ng-model='credentials.email']' not found.</msg>
<status status="FAIL" starttime="20230926 17:12:04.779" endtime="20230926 17:12:05.145"/>
</kw>
<status status="FAIL" starttime="20230926 17:12:04.777" endtime="20230926 17:12:05.145"/>
</kw>
<kw name="Run Keyword Unless" library="BuiltIn">
<arg>'${Credentials.Password}' == '#BLANK'</arg>
<arg>Input Text</arg>
<arg>${SIGN_IN_PASSWORD}</arg>
<arg>${Credentials.Password}</arg>
<doc>*DEPRECATED since RF 5.0. Use Native IF/ELSE or `Run Keyword If` instead.*</doc>
<msg timestamp="20230926 17:12:05.146" level="WARN">Keyword 'BuiltIn.Run Keyword Unless' is deprecated. </msg>
<status status="NOT RUN" starttime="20230926 17:12:05.146" endtime="20230926 17:12:05.147"/>
</kw>
<status status="FAIL" starttime="20230926 17:12:04.777" endtime="20230926 17:12:05.147"/>
</kw>
<kw name="Click Submit" library="SignIn">
<status status="NOT RUN" starttime="20230926 17:12:05.147" endtime="20230926 17:12:05.147"/>
</kw>
<kw name="Sleep" library="BuiltIn">
<arg>1s</arg>
<doc>Pauses the test executed for the given time.</doc>
<status status="NOT RUN" starttime="20230926 17:12:05.147" endtime="20230926 17:12:05.147"/>
</kw>
<status status="FAIL" starttime="20230926 17:12:04.777" endtime="20230926 17:12:05.147"/>
</kw>
<kw name="Verify Login Page Error Message" library="CarsApp">
<arg>${UNREGISTERED_USER.ExpectedErrorMessage}</arg>
<status status="NOT RUN" starttime="20230926 17:12:05.148" endtime="20230926 17:12:05.148"/>
</kw>
<kw name="End Web Test" library="Common" type="TEARDOWN">
<kw name="Close All Browsers" library="SeleniumLibrary">
<doc>Closes all open browsers and resets the browser cache.</doc>
<status status="PASS" starttime="20230926 17:12:05.149" endtime="20230926 17:12:11.435"/>
</kw>
<status status="PASS" starttime="20230926 17:12:05.148" endtime="20230926 17:12:11.435"/>
</kw>
<status status="FAIL" starttime="20230926 17:11:59.923" endtime="20230926 17:12:11.436">Element with locator 'xpath=//input[@ng-model='credentials.email']' not found.</status>
</test>
<test id="s1-t2" name="Login with invalid password should show correct error message" line="19">
<kw name="Begin Web Test" library="Common" type="SETUP">
<kw name="Open Browser" library="SeleniumLibrary">
<arg>about:blank</arg>
<arg>${BROWSER}</arg>
<doc>Opens a new browser instance to the optional ``url``.</doc>
<msg timestamp="20230926 17:12:11.446" level="INFO">Opening browser 'chrome' to base url 'about:blank'.</msg>
<status status="PASS" starttime="20230926 17:12:11.444" endtime="20230926 17:12:12.796"/>
</kw>
<status status="PASS" starttime="20230926 17:12:11.443" endtime="20230926 17:12:12.797"/>
</kw>
<kw name="Navigate to Sign In Page" library="CarsApp">
<kw name="Navigate To" library="SignIn">
<kw name="Catenate" library="BuiltIn">
<var>${SignInUrl}</var>
<arg>SEPARATOR=/</arg>
<arg>${BASE_URL.${ENVIRONMENT}}</arg>
<arg>${LOGIN_URL}</arg>
<doc>Catenates the given items together and returns the resulted string.</doc>
<msg timestamp="20230926 17:12:12.799" level="INFO">${SignInUrl} = https://www.cars.com//profile/secure/login</msg>
<status status="PASS" starttime="20230926 17:12:12.798" endtime="20230926 17:12:12.799"/>
</kw>
<kw name="Go To" library="SeleniumLibrary">
<arg>${SignInUrl}</arg>
<doc>Navigates the current browser window to the provided ``url``.</doc>
<msg timestamp="20230926 17:12:12.799" level="INFO">Opening url 'https://www.cars.com//profile/secure/login'</msg>
<status status="PASS" starttime="20230926 17:12:12.799" endtime="20230926 17:12:16.436"/>
</kw>
<status status="PASS" starttime="20230926 17:12:12.798" endtime="20230926 17:12:16.436"/>
</kw>
<status status="PASS" starttime="20230926 17:12:12.797" endtime="20230926 17:12:16.436"/>
</kw>
<kw name="Attempt Login" library="CarsApp">
<arg>${INVALID_PASSWORD_USER}</arg>
<kw name="Enter Credentials" library="SignIn">
<arg>${Credentials}</arg>
<kw name="Run Keyword Unless" library="BuiltIn">
<arg>'${Credentials.Email}' == '#BLANK'</arg>
<arg>Input Text</arg>
<arg>${SIGN_IN_EMAIL}</arg>
<arg>${Credentials.Email}</arg>
<doc>*DEPRECATED since RF 5.0. Use Native IF/ELSE or `Run Keyword If` instead.*</doc>
<msg timestamp="20230926 17:12:16.437" level="WARN">Keyword 'BuiltIn.Run Keyword Unless' is deprecated. </msg>
<kw name="Input Text" library="SeleniumLibrary">
<arg>${SIGN_IN_EMAIL}</arg>
<arg>${Credentials.Email}</arg>
<doc>Types the given ``text`` into the text field identified by ``locator``.</doc>
<msg timestamp="20230926 17:12:16.440" level="INFO">Typing text 'bryan@bryanlamb.com' into text field 'xpath=//input[@ng-model='credentials.email']'.</msg>
<msg timestamp="20230926 17:12:16.833" level="INFO" html="true">&lt;/td&gt;&lt;/tr&gt;&lt;tr&gt;&lt;td colspan="3"&gt;&lt;a href="selenium-screenshot-2.png"&gt;&lt;img src="selenium-screenshot-2.png" width="800px"&gt;&lt;/a&gt;</msg>
<msg timestamp="20230926 17:12:16.833" level="FAIL">Element with locator 'xpath=//input[@ng-model='credentials.email']' not found.</msg>
<status status="FAIL" starttime="20230926 17:12:16.439" endtime="20230926 17:12:16.834"/>
</kw>
<status status="FAIL" starttime="20230926 17:12:16.437" endtime="20230926 17:12:16.834"/>
</kw>
<kw name="Run Keyword Unless" library="BuiltIn">
<arg>'${Credentials.Password}' == '#BLANK'</arg>
<arg>Input Text</arg>
<arg>${SIGN_IN_PASSWORD}</arg>
<arg>${Credentials.Password}</arg>
<doc>*DEPRECATED since RF 5.0. Use Native IF/ELSE or `Run Keyword If` instead.*</doc>
<msg timestamp="20230926 17:12:16.835" level="WARN">Keyword 'BuiltIn.Run Keyword Unless' is deprecated. </msg>
<status status="NOT RUN" starttime="20230926 17:12:16.835" endtime="20230926 17:12:16.836"/>
</kw>
<status status="FAIL" starttime="20230926 17:12:16.437" endtime="20230926 17:12:16.836"/>
</kw>
<kw name="Click Submit" library="SignIn">
<status status="NOT RUN" starttime="20230926 17:12:16.836" endtime="20230926 17:12:16.836"/>
</kw>
<kw name="Sleep" library="BuiltIn">
<arg>1s</arg>
<doc>Pauses the test executed for the given time.</doc>
<status status="NOT RUN" starttime="20230926 17:12:16.836" endtime="20230926 17:12:16.836"/>
</kw>
<status status="FAIL" starttime="20230926 17:12:16.437" endtime="20230926 17:12:16.836"/>
</kw>
<kw name="Verify Login Page Error Message" library="CarsApp">
<arg>${INVALID_PASSWORD_USER.ExpectedErrorMessage}</arg>
<status status="NOT RUN" starttime="20230926 17:12:16.837" endtime="20230926 17:12:16.837"/>
</kw>
<kw name="End Web Test" library="Common" type="TEARDOWN">
<kw name="Close All Browsers" library="SeleniumLibrary">
<doc>Closes all open browsers and resets the browser cache.</doc>
<status status="PASS" starttime="20230926 17:12:16.837" endtime="20230926 17:12:23.106"/>
</kw>
<status status="PASS" starttime="20230926 17:12:16.837" endtime="20230926 17:12:23.106"/>
</kw>
<status status="FAIL" starttime="20230926 17:12:11.442" endtime="20230926 17:12:23.108">Element with locator 'xpath=//input[@ng-model='credentials.email']' not found.</status>
</test>
<test id="s1-t3" name="Login with blank email and password should show correct error message" line="24">
<kw name="Begin Web Test" library="Common" type="SETUP">
<kw name="Open Browser" library="SeleniumLibrary">
<arg>about:blank</arg>
<arg>${BROWSER}</arg>
<doc>Opens a new browser instance to the optional ``url``.</doc>
<msg timestamp="20230926 17:12:23.117" level="INFO">Opening browser 'chrome' to base url 'about:blank'.</msg>
<status status="PASS" starttime="20230926 17:12:23.116" endtime="20230926 17:12:24.339"/>
</kw>
<status status="PASS" starttime="20230926 17:12:23.115" endtime="20230926 17:12:24.339"/>
</kw>
<kw name="Navigate to Sign In Page" library="CarsApp">
<kw name="Navigate To" library="SignIn">
<kw name="Catenate" library="BuiltIn">
<var>${SignInUrl}</var>
<arg>SEPARATOR=/</arg>
<arg>${BASE_URL.${ENVIRONMENT}}</arg>
<arg>${LOGIN_URL}</arg>
<doc>Catenates the given items together and returns the resulted string.</doc>
<msg timestamp="20230926 17:12:24.341" level="INFO">${SignInUrl} = https://www.cars.com//profile/secure/login</msg>
<status status="PASS" starttime="20230926 17:12:24.340" endtime="20230926 17:12:24.341"/>
</kw>
<kw name="Go To" library="SeleniumLibrary">
<arg>${SignInUrl}</arg>
<doc>Navigates the current browser window to the provided ``url``.</doc>
<msg timestamp="20230926 17:12:24.342" level="INFO">Opening url 'https://www.cars.com//profile/secure/login'</msg>
<status status="PASS" starttime="20230926 17:12:24.341" endtime="20230926 17:12:28.077"/>
</kw>
<status status="PASS" starttime="20230926 17:12:24.340" endtime="20230926 17:12:28.077"/>
</kw>
<status status="PASS" starttime="20230926 17:12:24.340" endtime="20230926 17:12:28.077"/>
</kw>
<kw name="Attempt Login" library="CarsApp">
<arg>${BLANK_CREDENTIALS_USER}</arg>
<kw name="Enter Credentials" library="SignIn">
<arg>${Credentials}</arg>
<kw name="Run Keyword Unless" library="BuiltIn">
<arg>'${Credentials.Email}' == '#BLANK'</arg>
<arg>Input Text</arg>
<arg>${SIGN_IN_EMAIL}</arg>
<arg>${Credentials.Email}</arg>
<doc>*DEPRECATED since RF 5.0. Use Native IF/ELSE or `Run Keyword If` instead.*</doc>
<msg timestamp="20230926 17:12:28.078" level="WARN">Keyword 'BuiltIn.Run Keyword Unless' is deprecated. </msg>
<status status="PASS" starttime="20230926 17:12:28.078" endtime="20230926 17:12:28.079"/>
</kw>
<kw name="Run Keyword Unless" library="BuiltIn">
<arg>'${Credentials.Password}' == '#BLANK'</arg>
<arg>Input Text</arg>
<arg>${SIGN_IN_PASSWORD}</arg>
<arg>${Credentials.Password}</arg>
<doc>*DEPRECATED since RF 5.0. Use Native IF/ELSE or `Run Keyword If` instead.*</doc>
<msg timestamp="20230926 17:12:28.080" level="WARN">Keyword 'BuiltIn.Run Keyword Unless' is deprecated. </msg>
<status status="PASS" starttime="20230926 17:12:28.080" endtime="20230926 17:12:28.081"/>
</kw>
<status status="PASS" starttime="20230926 17:12:28.078" endtime="20230926 17:12:28.081"/>
</kw>
<kw name="Click Submit" library="SignIn">
<kw name="Click Button" library="SeleniumLibrary">
<arg>${LOGIN_SUBMIT_BUTTON}</arg>
<doc>Clicks the button identified by ``locator``.</doc>
<msg timestamp="20230926 17:12:28.082" level="INFO">Clicking button 'Log In'.</msg>
<msg timestamp="20230926 17:12:28.532" level="INFO" html="true">&lt;/td&gt;&lt;/tr&gt;&lt;tr&gt;&lt;td colspan="3"&gt;&lt;a href="selenium-screenshot-3.png"&gt;&lt;img src="selenium-screenshot-3.png" width="800px"&gt;&lt;/a&gt;</msg>
<msg timestamp="20230926 17:12:28.532" level="FAIL">Button with locator 'Log In' not found.</msg>
<status status="FAIL" starttime="20230926 17:12:28.081" endtime="20230926 17:12:28.533"/>
</kw>
<status status="FAIL" starttime="20230926 17:12:28.081" endtime="20230926 17:12:28.534"/>
</kw>
<kw name="Sleep" library="BuiltIn">
<arg>1s</arg>
<doc>Pauses the test executed for the given time.</doc>
<status status="NOT RUN" starttime="20230926 17:12:28.534" endtime="20230926 17:12:28.534"/>
</kw>
<status status="FAIL" starttime="20230926 17:12:28.077" endtime="20230926 17:12:28.534"/>
</kw>
<kw name="Verify Login Page Error Message" library="CarsApp">
<arg>${BLANK_CREDENTIALS_USER.ExpectedErrorMessage}</arg>
<status status="NOT RUN" starttime="20230926 17:12:28.534" endtime="20230926 17:12:28.534"/>
</kw>
<kw name="End Web Test" library="Common" type="TEARDOWN">
<kw name="Close All Browsers" library="SeleniumLibrary">
<doc>Closes all open browsers and resets the browser cache.</doc>
<status status="PASS" starttime="20230926 17:12:28.536" endtime="20230926 17:12:34.808"/>
</kw>
<status status="PASS" starttime="20230926 17:12:28.535" endtime="20230926 17:12:34.808"/>
</kw>
<status status="FAIL" starttime="20230926 17:12:23.113" endtime="20230926 17:12:34.810">Button with locator 'Log In' not found.</status>
</test>
<doc>Demonstrate a need for data-driven testing</doc>
<status status="FAIL" starttime="20230926 17:11:59.710" endtime="20230926 17:12:34.816"/>
</suite>
<statistics>
<total>
<stat pass="0" fail="3" skip="0">All Tests</stat>
</total>
<tag>
</tag>
<suite>
<stat pass="0" fail="3" skip="0" id="s1" name="Cars">Cars</stat>
</suite>
</statistics>
<errors>
<msg timestamp="20230926 17:11:59.918" level="ERROR">Error in file 'C:\Users\lauri\Downloads\data-driven-ext-base\data-driven-ext-base\Resources\PO\SignIn.robot' on line 2: Importing library 'Selenium2Library' failed: ModuleNotFoundError: No module named 'Selenium2Library'
Traceback (most recent call last):
  None
PYTHONPATH:
  C:\Users\lauri\AppData\Local\Programs\Python\Python311\Scripts\robot.exe
  C:\Users\lauri\AppData\Local\Programs\Python\Python311\python311.zip
  C:\Users\lauri\AppData\Local\Programs\Python\Python311\DLLs
  C:\Users\lauri\AppData\Local\Programs\Python\Python311\Lib
  C:\Users\lauri\AppData\Local\Programs\Python\Python311
  C:\Users\lauri\AppData\Local\Programs\Python\Python311\Lib\site-packages</msg>
<msg timestamp="20230926 17:12:04.777" level="WARN">Keyword 'BuiltIn.Run Keyword Unless' is deprecated. </msg>
<msg timestamp="20230926 17:12:05.146" level="WARN">Keyword 'BuiltIn.Run Keyword Unless' is deprecated. </msg>
<msg timestamp="20230926 17:12:16.437" level="WARN">Keyword 'BuiltIn.Run Keyword Unless' is deprecated. </msg>
<msg timestamp="20230926 17:12:16.835" level="WARN">Keyword 'BuiltIn.Run Keyword Unless' is deprecated. </msg>
<msg timestamp="20230926 17:12:28.078" level="WARN">Keyword 'BuiltIn.Run Keyword Unless' is deprecated. </msg>
<msg timestamp="20230926 17:12:28.080" level="WARN">Keyword 'BuiltIn.Run Keyword Unless' is deprecated. </msg>
</errors>
</robot>
