<?xml version="1.0" encoding="UTF-8"?>
<robot generator="Robot 5.0 (Python 3.10.4 on win32)" generated="20230911 15:42:18.922" rpa="false" schemaversion="3">
<suite id="s1" name="Tests" source="C:\coding\RobotFramework_BrianLamb\RobotFramework_2\Iltasanomat_6\Tests">
<suite id="s1-s1" name="Example" source="C:\coding\RobotFramework_BrianLamb\RobotFramework_2\Iltasanomat_6\Tests\example.robot">
<test id="s1-s1-t1" name="Test case 1" line="14">
<kw name="Open Browser" library="SeleniumLibrary">
<arg>${URL}</arg>
<arg>${BROWSER}</arg>
<doc>Opens a new browser instance to the optional ``url``.</doc>
<msg timestamp="20230911 15:42:19.104" level="INFO">Opening browser 'chrome' to base url 'https://www.is.fi/'.</msg>
<status status="PASS" starttime="20230911 15:42:19.103" endtime="20230911 15:42:21.197"/>
</kw>
<kw name="Click Link" library="SeleniumLibrary">
<arg>xpath=//*[@id="header"]/div/nav/div/ul/li[6]/a</arg>
<doc>Clicks a link identified by ``locator``.</doc>
<msg timestamp="20230911 15:42:21.198" level="INFO">Clicking link 'xpath=//*[@id="header"]/div/nav/div/ul/li[6]/a'.</msg>
<msg timestamp="20230911 15:42:22.441" level="INFO" html="true">&lt;/td&gt;&lt;/tr&gt;&lt;tr&gt;&lt;td colspan="3"&gt;&lt;a href="selenium-screenshot-1.png"&gt;&lt;img src="selenium-screenshot-1.png" width="800px"&gt;&lt;/a&gt;</msg>
<msg timestamp="20230911 15:42:22.441" level="FAIL">ElementClickInterceptedException: Message: element click intercepted: Element &lt;a class="nav-bar__link nav-bar__link-text" href="/urheilu/"&gt;...&lt;/a&gt; is not clickable at point (295, 98). Other element would receive the click: &lt;iframe src="https://cdn.privacy-mgmt.com/index.html?message_id=845647&amp;amp;consentUUID=null&amp;amp;requestUUID=1ed91e41-9264-498e-9e9d-146008712f51&amp;amp;preload_message=true&amp;amp;hasCsp=true&amp;amp;version=v1&amp;amp;consentLanguage=fi" id="sp_message_iframe_845647" title="SP Consent Message"&gt;&lt;/iframe&gt;
  (Session info: chrome=116.0.5845.180)
Stacktrace:
	GetHandleVerifier [0x010A37C3+48947]
	(No symbol) [0x01038551]
	(No symbol) [0x00F3C92D]
	(No symbol) [0x00F6E276]
	(No symbol) [0x00F6CF4D]
	(No symbol) [0x00F6B74B]
	(No symbol) [0x00F6ABA5]
	(No symbol) [0x00F63420]
	(No symbol) [0x00F8508C]
	(No symbol) [0x00F62EB6]
	(No symbol) [0x00F853E4]
	(No symbol) [0x00F975DA]
	(No symbol) [0x00F84E86]
	(No symbol) [0x00F616C7]
	(No symbol) [0x00F6284D]
	GetHandleVerifier [0x012EFDF9+2458985]
	GetHandleVerifier [0x0133744F+2751423]
	GetHandleVerifier [0x01331361+2726609]
	GetHandleVerifier [0x01120680+560624]
	(No symbol) [0x0104238C]
	(No symbol) [0x0103E268]
	(No symbol) [0x0103E392]
	(No symbol) [0x010310B7]
	BaseThreadInitThunk [0x76B800C9+25]
	RtlGetAppContainerNamedObjectPath [0x775E7B1E+286]
	RtlGetAppContainerNamedObjectPath [0x775E7AEE+238]
</msg>
<status status="FAIL" starttime="20230911 15:42:21.197" endtime="20230911 15:42:22.443"/>
</kw>
<kw name="Sleep" library="BuiltIn">
<arg>1</arg>
<doc>Pauses the test executed for the given time.</doc>
<status status="NOT RUN" starttime="20230911 15:42:22.444" endtime="20230911 15:42:22.444"/>
</kw>
<kw name="Close Browser" library="SeleniumLibrary">
<doc>Closes the current browser.</doc>
<status status="NOT RUN" starttime="20230911 15:42:22.444" endtime="20230911 15:42:22.444"/>
</kw>
<status status="FAIL" starttime="20230911 15:42:19.103" endtime="20230911 15:42:22.445">ElementClickInterceptedException: Message: element click intercepted: Element &lt;a class="nav-bar__link nav-bar__link-text" href="/urheilu/"&gt;...&lt;/a&gt; is not clickable at point (295, 98). Other element would receive the click: &lt;iframe src="https://cdn.privacy-mgmt.com/index.html?message_id=845647&amp;amp;consentUUID=null&amp;amp;requestUUID=1ed91e41-9264-498e-9e9d-146008712f51&amp;amp;preload_message=true&amp;amp;hasCsp=true&amp;amp;version=v1&amp;amp;consentLanguage=fi" id="sp_message_iframe_845647" title="SP Consent Message"&gt;&lt;/iframe&gt;
  (Session info: chrome=116.0.5845.180)
Stacktrace:
	GetHandleVerifier [0x010A37C3+48947]
	(No symbol) [0x01038551]
	(No symbol) [0x00F3C92D]
	(No symbol) [0x00F6E276]
	(No symbol) [0x00F6CF4D]
	(No symbol) [0x00F6B74B]
	(No symbol) [0x00F6ABA5]
	(No symbol) [0x00F63420]
	(No symbol) [0x00F8508C]
	(No symbol) [0x00F62EB6]
	(No symbol) [0x00F853E4]
	(No symbol) [0x00F975DA]
	(No symbol) [0x00F84E86]
	(No symbol) [0x00F616C7]
	(No symbol) [0x00F6284D]
	GetHandleVerifier [0x012EFDF9+2458985]
	GetHandleVerifier [0x0133744F+2751423]
	GetHandleVerifier [0x01331361+2726609]
	GetHandleVerifier [0x01120680+560624]
	(No symbol) [0x0104238C]
	(No symbol) [0x0103E268]
	(No symbol) [0x0103E392]
	(No symbol) [0x010310B7]
	BaseThreadInitThunk [0x76B800C9+25]
	RtlGetAppContainerNamedObjectPath [0x775E7B1E+286]
	RtlGetAppContainerNamedObjectPath [0x775E7AEE+238]
</status>
</test>
<test id="s1-s1-t2" name="Test case 2" line="21">
<kw name="Open Browser" library="SeleniumLibrary">
<arg>${URL}</arg>
<arg>${BROWSER}</arg>
<doc>Opens a new browser instance to the optional ``url``.</doc>
<msg timestamp="20230911 15:42:22.449" level="INFO">Opening browser 'chrome' to base url 'https://www.is.fi/'.</msg>
<status status="PASS" starttime="20230911 15:42:22.449" endtime="20230911 15:42:24.298"/>
</kw>
<kw name="Maximize Browser Window" library="SeleniumLibrary">
<doc>Maximizes current browser window.</doc>
<status status="PASS" starttime="20230911 15:42:24.299" endtime="20230911 15:42:24.438"/>
</kw>
<kw name="Sleep" library="BuiltIn">
<arg>1</arg>
<doc>Pauses the test executed for the given time.</doc>
<msg timestamp="20230911 15:42:25.443" level="INFO">Slept 1 second</msg>
<status status="PASS" starttime="20230911 15:42:24.439" endtime="20230911 15:42:25.443"/>
</kw>
<kw name="Close Browser" library="SeleniumLibrary">
<doc>Closes the current browser.</doc>
<status status="PASS" starttime="20230911 15:42:25.445" endtime="20230911 15:42:27.581"/>
</kw>
<status status="PASS" starttime="20230911 15:42:22.448" endtime="20230911 15:42:27.582"/>
</test>
<status status="FAIL" starttime="20230911 15:42:18.941" endtime="20230911 15:42:27.583"/>
</suite>
<status status="FAIL" starttime="20230911 15:42:18.924" endtime="20230911 15:42:27.585"/>
</suite>
<statistics>
<total>
<stat pass="1" fail="1" skip="0">All Tests</stat>
</total>
<tag>
</tag>
<suite>
<stat pass="1" fail="1" skip="0" id="s1" name="Tests">Tests</stat>
<stat pass="1" fail="1" skip="0" id="s1-s1" name="Example">Tests.Example</stat>
</suite>
</statistics>
<errors>
</errors>
</robot>
